<?xml version="1.0" encoding="UTF-8"?>
<testng-results ignored="0" total="1" passed="1" failed="0" skipped="0">
  <reporter-output>
  </reporter-output>
  <suite started-at="2023-03-09T10:04:02 EET" name="Surefire suite" finished-at="2023-03-09T10:04:12 EET" duration-ms="9839">
    <groups>
    </groups>
    <test started-at="2023-03-09T10:04:02 EET" name="Surefire test" finished-at="2023-03-09T10:04:12 EET" duration-ms="9839">
      <class name="anonfile_reg.registration_Test">
        <test-method is-config="true" signature="open_browser()[pri:0, instance:anonfile_reg.registration_Test@5db45159]" started-at="2023-03-09T10:04:02 EET" name="open_browser" finished-at="2023-03-09T10:04:10 EET" duration-ms="7647" status="PASS">
          <reporter-output>
          </reporter-output>
        </test-method> <!-- open_browser -->
        <test-method signature="registration_Test_Cases()[pri:0, instance:anonfile_reg.registration_Test@5db45159]" started-at="2023-03-09T10:04:10 EET" name="registration_Test_Cases" finished-at="2023-03-09T10:04:12 EET" duration-ms="1975" status="PASS">
          <reporter-output>
          </reporter-output>
        </test-method> <!-- registration_Test_Cases -->
        <test-method is-config="true" signature="close_browser()[pri:0, instance:anonfile_reg.registration_Test@5db45159]" started-at="2023-03-09T10:04:12 EET" name="close_browser" finished-at="2023-03-09T10:04:12 EET" duration-ms="185" status="PASS">
          <reporter-output>
          </reporter-output>
        </test-method> <!-- close_browser -->
      </class> <!-- anonfile_reg.registration_Test -->
    </test> <!-- Surefire test -->
  </suite> <!-- Surefire suite -->
</testng-results>
